<?xml version="1.0" encoding="UTF-8"?>
<testsuite xmlns:xsi="http://www.w3.org/2001/XMLSchema-instance" xsi:noNamespaceSchemaLocation="https://maven.apache.org/surefire/maven-surefire-plugin/xsd/surefire-test-report-3.0.xsd" version="3.0" name="TestSuite" time="61.19" tests="8" errors="0" skipped="1" failures="0">
  <properties>
    <property name="sun.desktop" value="windows"/>
    <property name="awt.toolkit" value="sun.awt.windows.WToolkit"/>
    <property name="file.encoding.pkg" value="sun.io"/>
    <property name="java.specification.version" value="1.8"/>
    <property name="webdriver.chrome.driver" value="C:\Users\preritbhuwalka\.cache\selenium\chromedriver\win32\87.0.4280.88\chromedriver.exe"/>
    <property name="sun.cpu.isalist" value="amd64"/>
    <property name="sun.jnu.encoding" value="Cp1252"/>
    <property name="java.class.path" value="D:\Naukri Workspace\Adidas_Assignment\target\test-classes;D:\Naukri Workspace\Adidas_Assignment\target\classes;C:\Users\preritbhuwalka\.m2\repository\org\testng\testng\6.14.3\testng-6.14.3.jar;C:\Users\preritbhuwalka\.m2\repository\com\beust\jcommander\1.72\jcommander-1.72.jar;C:\Users\preritbhuwalka\.m2\repository\org\apache-extras\beanshell\bsh\2.0b6\bsh-2.0b6.jar;C:\Users\preritbhuwalka\.m2\repository\org\seleniumhq\selenium\selenium-java\3.141.59\selenium-java-3.141.59.jar;C:\Users\preritbhuwalka\.m2\repository\org\seleniumhq\selenium\selenium-api\3.141.59\selenium-api-3.141.59.jar;C:\Users\preritbhuwalka\.m2\repository\org\seleniumhq\selenium\selenium-chrome-driver\3.141.59\selenium-chrome-driver-3.141.59.jar;C:\Users\preritbhuwalka\.m2\repository\org\seleniumhq\selenium\selenium-edge-driver\3.141.59\selenium-edge-driver-3.141.59.jar;C:\Users\preritbhuwalka\.m2\repository\org\seleniumhq\selenium\selenium-firefox-driver\3.141.59\selenium-firefox-driver-3.141.59.jar;C:\Users\preritbhuwalka\.m2\repository\org\seleniumhq\selenium\selenium-ie-driver\3.141.59\selenium-ie-driver-3.141.59.jar;C:\Users\preritbhuwalka\.m2\repository\org\seleniumhq\selenium\selenium-opera-driver\3.141.59\selenium-opera-driver-3.141.59.jar;C:\Users\preritbhuwalka\.m2\repository\org\seleniumhq\selenium\selenium-remote-driver\3.141.59\selenium-remote-driver-3.141.59.jar;C:\Users\preritbhuwalka\.m2\repository\org\seleniumhq\selenium\selenium-safari-driver\3.141.59\selenium-safari-driver-3.141.59.jar;C:\Users\preritbhuwalka\.m2\repository\org\seleniumhq\selenium\selenium-support\3.141.59\selenium-support-3.141.59.jar;C:\Users\preritbhuwalka\.m2\repository\net\bytebuddy\byte-buddy\1.8.15\byte-buddy-1.8.15.jar;C:\Users\preritbhuwalka\.m2\repository\org\apache\commons\commons-exec\1.3\commons-exec-1.3.jar;C:\Users\preritbhuwalka\.m2\repository\com\google\guava\guava\25.0-jre\guava-25.0-jre.jar;C:\Users\preritbhuwalka\.m2\repository\com\google\code\findbugs\jsr305\1.3.9\jsr305-1.3.9.jar;C:\Users\preritbhuwalka\.m2\repository\org\checkerframework\checker-compat-qual\2.0.0\checker-compat-qual-2.0.0.jar;C:\Users\preritbhuwalka\.m2\repository\com\google\errorprone\error_prone_annotations\2.1.3\error_prone_annotations-2.1.3.jar;C:\Users\preritbhuwalka\.m2\repository\com\google\j2objc\j2objc-annotations\1.1\j2objc-annotations-1.1.jar;C:\Users\preritbhuwalka\.m2\repository\org\codehaus\mojo\animal-sniffer-annotations\1.14\animal-sniffer-annotations-1.14.jar;C:\Users\preritbhuwalka\.m2\repository\com\squareup\okhttp3\okhttp\3.11.0\okhttp-3.11.0.jar;C:\Users\preritbhuwalka\.m2\repository\com\squareup\okio\okio\1.14.0\okio-1.14.0.jar;C:\Users\preritbhuwalka\.m2\repository\io\github\bonigarcia\webdrivermanager\4.2.2\webdrivermanager-4.2.2.jar;C:\Users\preritbhuwalka\.m2\repository\org\slf4j\slf4j-api\1.7.30\slf4j-api-1.7.30.jar;C:\Users\preritbhuwalka\.m2\repository\commons-io\commons-io\2.8.0\commons-io-2.8.0.jar;C:\Users\preritbhuwalka\.m2\repository\com\google\code\gson\gson\2.8.6\gson-2.8.6.jar;C:\Users\preritbhuwalka\.m2\repository\org\apache\commons\commons-lang3\3.11\commons-lang3-3.11.jar;C:\Users\preritbhuwalka\.m2\repository\org\apache\httpcomponents\client5\httpclient5\5.0.1\httpclient5-5.0.1.jar;C:\Users\preritbhuwalka\.m2\repository\org\apache\httpcomponents\core5\httpcore5\5.0.1\httpcore5-5.0.1.jar;C:\Users\preritbhuwalka\.m2\repository\org\apache\httpcomponents\core5\httpcore5-h2\5.0.1\httpcore5-h2-5.0.1.jar;C:\Users\preritbhuwalka\.m2\repository\org\rauschig\jarchivelib\1.1.0\jarchivelib-1.1.0.jar;C:\Users\preritbhuwalka\.m2\repository\org\jsoup\jsoup\1.13.1\jsoup-1.13.1.jar;C:\Users\preritbhuwalka\.m2\repository\com\aventstack\extentreports\4.1.2\extentreports-4.1.2.jar;C:\Users\preritbhuwalka\.m2\repository\org\freemarker\freemarker\2.3.29\freemarker-2.3.29.jar;C:\Users\preritbhuwalka\.m2\repository\org\apache\httpcomponents\httpclient\4.5.2\httpclient-4.5.2.jar;C:\Users\preritbhuwalka\.m2\repository\org\apache\httpcomponents\httpcore\4.4.4\httpcore-4.4.4.jar;C:\Users\preritbhuwalka\.m2\repository\commons-logging\commons-logging\1.2\commons-logging-1.2.jar;C:\Users\preritbhuwalka\.m2\repository\org\apache\httpcomponents\httpmime\4.5.2\httpmime-4.5.2.jar;C:\Users\preritbhuwalka\.m2\repository\org\mongodb\mongodb-driver\3.12.0\mongodb-driver-3.12.0.jar;C:\Users\preritbhuwalka\.m2\repository\org\mongodb\mongodb-driver-core\3.12.0\mongodb-driver-core-3.12.0.jar;C:\Users\preritbhuwalka\.m2\repository\org\mongodb\bson\3.12.0\bson-3.12.0.jar;C:\Users\preritbhuwalka\.m2\repository\log4j\log4j\1.2.17\log4j-1.2.17.jar;C:\Users\preritbhuwalka\.m2\repository\org\apache\logging\log4j\log4j-core\2.13.3\log4j-core-2.13.3.jar;C:\Users\preritbhuwalka\.m2\repository\org\apache\logging\log4j\log4j-api\2.13.3\log4j-api-2.13.3.jar;C:\Users\preritbhuwalka\.m2\repository\org\apache\poi\poi\4.1.2\poi-4.1.2.jar;C:\Users\preritbhuwalka\.m2\repository\commons-codec\commons-codec\1.13\commons-codec-1.13.jar;C:\Users\preritbhuwalka\.m2\repository\org\apache\commons\commons-collections4\4.4\commons-collections4-4.4.jar;C:\Users\preritbhuwalka\.m2\repository\org\apache\commons\commons-math3\3.6.1\commons-math3-3.6.1.jar;C:\Users\preritbhuwalka\.m2\repository\com\zaxxer\SparseBitSet\1.2\SparseBitSet-1.2.jar;C:\Users\preritbhuwalka\.m2\repository\org\apache\poi\poi-ooxml\4.1.2\poi-ooxml-4.1.2.jar;C:\Users\preritbhuwalka\.m2\repository\org\apache\commons\commons-compress\1.19\commons-compress-1.19.jar;C:\Users\preritbhuwalka\.m2\repository\com\github\virtuald\curvesapi\1.06\curvesapi-1.06.jar;C:\Users\preritbhuwalka\.m2\repository\org\apache\poi\poi-ooxml-schemas\4.1.2\poi-ooxml-schemas-4.1.2.jar;C:\Users\preritbhuwalka\.m2\repository\org\apache\xmlbeans\xmlbeans\3.1.0\xmlbeans-3.1.0.jar;"/>
    <property name="java.vm.vendor" value="Oracle Corporation"/>
    <property name="sun.arch.data.model" value="64"/>
    <property name="user.variant" value=""/>
    <property name="java.vendor.url" value="http://java.oracle.com/"/>
    <property name="user.timezone" value="Asia/Calcutta"/>
    <property name="java.vm.specification.version" value="1.8"/>
    <property name="os.name" value="Windows 10"/>
    <property name="user.country" value="IN"/>
    <property name="sun.java.launcher" value="SUN_STANDARD"/>
    <property name="sun.boot.library.path" value="C:\Program Files\Java\jdk1.8.0_161\jre\bin"/>
    <property name="sun.java.command" value="C:\Users\preritbhuwalka\AppData\Local\Temp\surefire1483287184241650019\surefirebooter2129486211715044688.jar C:\Users\preritbhuwalka\AppData\Local\Temp\surefire1483287184241650019 2021-01-20T14-04-16_013-jvmRun1 surefire3613414175865921464tmp surefire_0569889731100699649tmp"/>
    <property name="surefire.test.class.path" value="D:\Naukri Workspace\Adidas_Assignment\target\test-classes;D:\Naukri Workspace\Adidas_Assignment\target\classes;C:\Users\preritbhuwalka\.m2\repository\org\testng\testng\6.14.3\testng-6.14.3.jar;C:\Users\preritbhuwalka\.m2\repository\com\beust\jcommander\1.72\jcommander-1.72.jar;C:\Users\preritbhuwalka\.m2\repository\org\apache-extras\beanshell\bsh\2.0b6\bsh-2.0b6.jar;C:\Users\preritbhuwalka\.m2\repository\org\seleniumhq\selenium\selenium-java\3.141.59\selenium-java-3.141.59.jar;C:\Users\preritbhuwalka\.m2\repository\org\seleniumhq\selenium\selenium-api\3.141.59\selenium-api-3.141.59.jar;C:\Users\preritbhuwalka\.m2\repository\org\seleniumhq\selenium\selenium-chrome-driver\3.141.59\selenium-chrome-driver-3.141.59.jar;C:\Users\preritbhuwalka\.m2\repository\org\seleniumhq\selenium\selenium-edge-driver\3.141.59\selenium-edge-driver-3.141.59.jar;C:\Users\preritbhuwalka\.m2\repository\org\seleniumhq\selenium\selenium-firefox-driver\3.141.59\selenium-firefox-driver-3.141.59.jar;C:\Users\preritbhuwalka\.m2\repository\org\seleniumhq\selenium\selenium-ie-driver\3.141.59\selenium-ie-driver-3.141.59.jar;C:\Users\preritbhuwalka\.m2\repository\org\seleniumhq\selenium\selenium-opera-driver\3.141.59\selenium-opera-driver-3.141.59.jar;C:\Users\preritbhuwalka\.m2\repository\org\seleniumhq\selenium\selenium-remote-driver\3.141.59\selenium-remote-driver-3.141.59.jar;C:\Users\preritbhuwalka\.m2\repository\org\seleniumhq\selenium\selenium-safari-driver\3.141.59\selenium-safari-driver-3.141.59.jar;C:\Users\preritbhuwalka\.m2\repository\org\seleniumhq\selenium\selenium-support\3.141.59\selenium-support-3.141.59.jar;C:\Users\preritbhuwalka\.m2\repository\net\bytebuddy\byte-buddy\1.8.15\byte-buddy-1.8.15.jar;C:\Users\preritbhuwalka\.m2\repository\org\apache\commons\commons-exec\1.3\commons-exec-1.3.jar;C:\Users\preritbhuwalka\.m2\repository\com\google\guava\guava\25.0-jre\guava-25.0-jre.jar;C:\Users\preritbhuwalka\.m2\repository\com\google\code\findbugs\jsr305\1.3.9\jsr305-1.3.9.jar;C:\Users\preritbhuwalka\.m2\repository\org\checkerframework\checker-compat-qual\2.0.0\checker-compat-qual-2.0.0.jar;C:\Users\preritbhuwalka\.m2\repository\com\google\errorprone\error_prone_annotations\2.1.3\error_prone_annotations-2.1.3.jar;C:\Users\preritbhuwalka\.m2\repository\com\google\j2objc\j2objc-annotations\1.1\j2objc-annotations-1.1.jar;C:\Users\preritbhuwalka\.m2\repository\org\codehaus\mojo\animal-sniffer-annotations\1.14\animal-sniffer-annotations-1.14.jar;C:\Users\preritbhuwalka\.m2\repository\com\squareup\okhttp3\okhttp\3.11.0\okhttp-3.11.0.jar;C:\Users\preritbhuwalka\.m2\repository\com\squareup\okio\okio\1.14.0\okio-1.14.0.jar;C:\Users\preritbhuwalka\.m2\repository\io\github\bonigarcia\webdrivermanager\4.2.2\webdrivermanager-4.2.2.jar;C:\Users\preritbhuwalka\.m2\repository\org\slf4j\slf4j-api\1.7.30\slf4j-api-1.7.30.jar;C:\Users\preritbhuwalka\.m2\repository\commons-io\commons-io\2.8.0\commons-io-2.8.0.jar;C:\Users\preritbhuwalka\.m2\repository\com\google\code\gson\gson\2.8.6\gson-2.8.6.jar;C:\Users\preritbhuwalka\.m2\repository\org\apache\commons\commons-lang3\3.11\commons-lang3-3.11.jar;C:\Users\preritbhuwalka\.m2\repository\org\apache\httpcomponents\client5\httpclient5\5.0.1\httpclient5-5.0.1.jar;C:\Users\preritbhuwalka\.m2\repository\org\apache\httpcomponents\core5\httpcore5\5.0.1\httpcore5-5.0.1.jar;C:\Users\preritbhuwalka\.m2\repository\org\apache\httpcomponents\core5\httpcore5-h2\5.0.1\httpcore5-h2-5.0.1.jar;C:\Users\preritbhuwalka\.m2\repository\org\rauschig\jarchivelib\1.1.0\jarchivelib-1.1.0.jar;C:\Users\preritbhuwalka\.m2\repository\org\jsoup\jsoup\1.13.1\jsoup-1.13.1.jar;C:\Users\preritbhuwalka\.m2\repository\com\aventstack\extentreports\4.1.2\extentreports-4.1.2.jar;C:\Users\preritbhuwalka\.m2\repository\org\freemarker\freemarker\2.3.29\freemarker-2.3.29.jar;C:\Users\preritbhuwalka\.m2\repository\org\apache\httpcomponents\httpclient\4.5.2\httpclient-4.5.2.jar;C:\Users\preritbhuwalka\.m2\repository\org\apache\httpcomponents\httpcore\4.4.4\httpcore-4.4.4.jar;C:\Users\preritbhuwalka\.m2\repository\commons-logging\commons-logging\1.2\commons-logging-1.2.jar;C:\Users\preritbhuwalka\.m2\repository\org\apache\httpcomponents\httpmime\4.5.2\httpmime-4.5.2.jar;C:\Users\preritbhuwalka\.m2\repository\org\mongodb\mongodb-driver\3.12.0\mongodb-driver-3.12.0.jar;C:\Users\preritbhuwalka\.m2\repository\org\mongodb\mongodb-driver-core\3.12.0\mongodb-driver-core-3.12.0.jar;C:\Users\preritbhuwalka\.m2\repository\org\mongodb\bson\3.12.0\bson-3.12.0.jar;C:\Users\preritbhuwalka\.m2\repository\log4j\log4j\1.2.17\log4j-1.2.17.jar;C:\Users\preritbhuwalka\.m2\repository\org\apache\logging\log4j\log4j-core\2.13.3\log4j-core-2.13.3.jar;C:\Users\preritbhuwalka\.m2\repository\org\apache\logging\log4j\log4j-api\2.13.3\log4j-api-2.13.3.jar;C:\Users\preritbhuwalka\.m2\repository\org\apache\poi\poi\4.1.2\poi-4.1.2.jar;C:\Users\preritbhuwalka\.m2\repository\commons-codec\commons-codec\1.13\commons-codec-1.13.jar;C:\Users\preritbhuwalka\.m2\repository\org\apache\commons\commons-collections4\4.4\commons-collections4-4.4.jar;C:\Users\preritbhuwalka\.m2\repository\org\apache\commons\commons-math3\3.6.1\commons-math3-3.6.1.jar;C:\Users\preritbhuwalka\.m2\repository\com\zaxxer\SparseBitSet\1.2\SparseBitSet-1.2.jar;C:\Users\preritbhuwalka\.m2\repository\org\apache\poi\poi-ooxml\4.1.2\poi-ooxml-4.1.2.jar;C:\Users\preritbhuwalka\.m2\repository\org\apache\commons\commons-compress\1.19\commons-compress-1.19.jar;C:\Users\preritbhuwalka\.m2\repository\com\github\virtuald\curvesapi\1.06\curvesapi-1.06.jar;C:\Users\preritbhuwalka\.m2\repository\org\apache\poi\poi-ooxml-schemas\4.1.2\poi-ooxml-schemas-4.1.2.jar;C:\Users\preritbhuwalka\.m2\repository\org\apache\xmlbeans\xmlbeans\3.1.0\xmlbeans-3.1.0.jar;"/>
    <property name="sun.cpu.endian" value="little"/>
    <property name="user.home" value="C:\Users\preritbhuwalka"/>
    <property name="user.language" value="en"/>
    <property name="java.specification.vendor" value="Oracle Corporation"/>
    <property name="java.home" value="C:\Program Files\Java\jdk1.8.0_161\jre"/>
    <property name="basedir" value="D:\Naukri Workspace\Adidas_Assignment"/>
    <property name="file.separator" value="\"/>
    <property name="line.separator" value="&#10;"/>
    <property name="java.vm.specification.vendor" value="Oracle Corporation"/>
    <property name="java.specification.name" value="Java Platform API Specification"/>
    <property name="java.awt.graphicsenv" value="sun.awt.Win32GraphicsEnvironment"/>
    <property name="surefire.real.class.path" value="C:\Users\preritbhuwalka\AppData\Local\Temp\surefire1483287184241650019\surefirebooter2129486211715044688.jar"/>
    <property name="sun.boot.class.path" value="C:\Program Files\Java\jdk1.8.0_161\jre\lib\resources.jar;C:\Program Files\Java\jdk1.8.0_161\jre\lib\rt.jar;C:\Program Files\Java\jdk1.8.0_161\jre\lib\sunrsasign.jar;C:\Program Files\Java\jdk1.8.0_161\jre\lib\jsse.jar;C:\Program Files\Java\jdk1.8.0_161\jre\lib\jce.jar;C:\Program Files\Java\jdk1.8.0_161\jre\lib\charsets.jar;C:\Program Files\Java\jdk1.8.0_161\jre\lib\jfr.jar;C:\Program Files\Java\jdk1.8.0_161\jre\classes"/>
    <property name="user.script" value=""/>
    <property name="sun.management.compiler" value="HotSpot 64-Bit Tiered Compilers"/>
    <property name="java.runtime.version" value="1.8.0_161-b12"/>
    <property name="user.name" value="preritbhuwalka"/>
    <property name="path.separator" value=";"/>
    <property name="os.version" value="10.0"/>
    <property name="java.endorsed.dirs" value="C:\Program Files\Java\jdk1.8.0_161\jre\lib\endorsed"/>
    <property name="java.runtime.name" value="Java(TM) SE Runtime Environment"/>
    <property name="file.encoding" value="Cp1252"/>
    <property name="java.vm.name" value="Java HotSpot(TM) 64-Bit Server VM"/>
    <property name="localRepository" value="C:\Users\preritbhuwalka\.m2\repository"/>
    <property name="java.vendor.url.bug" value="http://bugreport.sun.com/bugreport/"/>
    <property name="java.io.tmpdir" value="C:\Users\PRERIT~1\AppData\Local\Temp\"/>
    <property name="java.version" value="1.8.0_161"/>
    <property name="user.dir" value="D:\Naukri Workspace\Adidas_Assignment"/>
    <property name="os.arch" value="amd64"/>
    <property name="java.vm.specification.name" value="Java Virtual Machine Specification"/>
    <property name="java.awt.printerjob" value="sun.awt.windows.WPrinterJob"/>
    <property name="sun.os.patch.level" value=""/>
    <property name="java.library.path" value="C:\Program Files\Java\jdk1.8.0_161\jre\bin;C:\Windows\Sun\Java\bin;C:\Windows\system32;C:\Windows;C:/Program Files/Java/jre1.8.0_251/bin/server;C:/Program Files/Java/jre1.8.0_251/bin;C:/Program Files/Java/jre1.8.0_251/lib/amd64;C:\Program Files (x86)\Common Files\Oracle\Java\javapath;C:\ProgramData\Oracle\Java\javapath;C:\Windows\system32;C:\Windows;C:\Windows\System32\Wbem;C:\Windows\System32\WindowsPowerShell\v1.0\;C:\Windows\System32\OpenSSH\;C:\Program Files\TortoiseSVN\bin;C:\Program Files\Git\cmd;C:\Program Files\Microsoft SQL Server\130\Tools\Binn\;C:\Program Files\Microsoft SQL Server\Client SDK\ODBC\170\Tools\Binn\;C:\Program Files\dotnet\;C:\Program Files\nodejs\;C:\Program Files\TestProject Agent\android-sdk\platform-tools;C:\Users\preritbhuwalka\AppData\Local\Android\Sdk\tools;C:\Program Files (x86)\Microsoft SQL Server\150\Tools\Binn\;C:\Program Files\Microsoft SQL Server\150\Tools\Binn\;C:\Program Files\Microsoft SQL Server\150\DTS\Binn\;D:\Softwares\apache-tomcat-8.5.57-windows-x64\apache-tomcat-8.5.57\bin;D:\Softwares\apache-ant-1.9.15-bin\apache-ant-1.9.15\bin;D:\Softwares\cmake\bin;C:\ProgramData\chocolatey\bin;C:\Users\preritbhuwalka\.windows-build-tools\python27\;C:\Python\Scripts\;C:\Python\;C:\Users\preritbhuwalka\AppData\Local\Microsoft\WindowsApps;C:\Program Files\Java\jdk1.8.0_161\bin;D:\Softwares\apache-maven-3.5.2\apache-maven-3.5.2-bin\apache-maven-3.5.2\bin;C:\Users\preritbhuwalka\AppData\Roaming\npm;C:\Program Files\nant-0.92-bin\nant-0.92\bin;C:\Users\preritbhuwalka\.dotnet\tools;D:\Softwares\apache-tomcat-8.5.57-windows-x64\apache-tomcat-8.5.57\bin;D:\Softwares\apache-ant-1.9.15-bin\apache-ant-1.9.15\bin;D:\Softwares\cmake\bin;D:\OpenCV\opencv\build\bin;;D:\eclipse-jee-oxygen-2-win32-x86_64\eclipse;;."/>
    <property name="java.vm.info" value="mixed mode"/>
    <property name="java.vendor" value="Oracle Corporation"/>
    <property name="java.vm.version" value="25.161-b12"/>
    <property name="java.ext.dirs" value="C:\Program Files\Java\jdk1.8.0_161\jre\lib\ext;C:\Windows\Sun\Java\lib\ext"/>
    <property name="sun.io.unicode.encoding" value="UnicodeLittle"/>
    <property name="java.class.version" value="52.0"/>
  </properties>
  <testcase name="navigatePhone" classname="com.adidas.Test.StoreTest" time="1.169"/>
  <testcase name="navigateMonitor" classname="com.adidas.Test.StoreTest" time="1.022"/>
  <testcase name="navigateLaptop" classname="com.adidas.Test.StoreTest" time="1.057"/>
  <testcase name="addSony" classname="com.adidas.Test.StoreTest" time="9.049"/>
  <testcase name="addDell" classname="com.adidas.Test.StoreTest" time="8.284"/>
  <testcase name="deleteDell" classname="com.adidas.Test.StoreTest" time="0">
    <skipped message="expected [true] but found [false]"/>
    <system-out><![CDATA[[INFO]-[2021-01-20 14:04:47.160]-[main]-[onTestStart]-[TestListener.java:37]-Test case Started: deleteDell
[INFO]-[2021-01-20 14:04:47.161]-[main]-[beforeFindBy]-[WebdriverListeners.java:75]-Finding Element By: By.xpath: //a[@href='cart.html' and @class='nav-link'] and Element: null
[INFO]-[2021-01-20 14:04:47.170]-[main]-[afterFindBy]-[WebdriverListeners.java:80]-Element Found By: By.xpath: //a[@href='cart.html' and @class='nav-link'] and Element: [[ChromeDriver: chrome on WINDOWS (9e436c0b1973ba1fe8294c4d18180d4f)] -> xpath: //a[@href='cart.html' and @class='nav-link']]
[INFO]-[2021-01-20 14:04:47.196]-[main]-[beforeFindBy]-[WebdriverListeners.java:75]-Finding Element By: By.xpath: //a[@href='cart.html' and @class='nav-link'] and Element: null
[INFO]-[2021-01-20 14:04:47.205]-[main]-[afterFindBy]-[WebdriverListeners.java:80]-Element Found By: By.xpath: //a[@href='cart.html' and @class='nav-link'] and Element: [[ChromeDriver: chrome on WINDOWS (9e436c0b1973ba1fe8294c4d18180d4f)] -> xpath: //a[@href='cart.html' and @class='nav-link']]
[INFO]-[2021-01-20 14:04:47.206]-[main]-[beforeClickOn]-[WebdriverListeners.java:85]-Clicking on Element: [[ChromeDriver: chrome on WINDOWS (9e436c0b1973ba1fe8294c4d18180d4f)] -> xpath: //a[@href='cart.html' and @class='nav-link']]
[INFO]-[2021-01-20 14:04:47.234]-[main]-[afterClickOn]-[WebdriverListeners.java:90]-Clicked on Element: [[ChromeDriver: chrome on WINDOWS (9e436c0b1973ba1fe8294c4d18180d4f)] -> xpath: //a[@href='cart.html' and @class='nav-link']]
[INFO]-[2021-01-20 14:04:50.235]-[main]-[beforeFindBy]-[WebdriverListeners.java:75]-Finding Element By: By.xpath: //tbody[@id='tbodyid']/tr/td[contains(text(),'Dell i7 8gb')] and Element: null
[ERROR]-[2021-01-20 14:05:00.265]-[main]-[onException]-[WebdriverListeners.java:125]-Exception is: org.openqa.selenium.NoSuchElementException: no such element: Unable to locate element: {"method":"xpath","selector":"//tbody[@id='tbodyid']/tr/td[contains(text(),'Dell i7 8gb')]"}
  (Session info: chrome=87.0.4280.141)
For documentation on this error, please visit: https://www.seleniumhq.org/exceptions/no_such_element.html
Build info: version: '3.141.59', revision: 'e82be7d358', time: '2018-11-14T08:17:03'
System info: host: 'PRE3147530', ip: '192.168.1.12', os.name: 'Windows 10', os.arch: 'amd64', os.version: '10.0', java.version: '1.8.0_161'
Driver info: org.openqa.selenium.chrome.ChromeDriver
Capabilities {acceptInsecureCerts: false, browserName: chrome, browserVersion: 87.0.4280.141, chrome: {chromedriverVersion: 87.0.4280.88 (89e2380a3e36c..., userDataDir: C:\Users\PRERIT~1\AppData\L...}, goog:chromeOptions: {debuggerAddress: localhost:56369}, javascriptEnabled: true, networkConnectionEnabled: false, pageLoadStrategy: normal, platform: WINDOWS, platformName: WINDOWS, proxy: Proxy(), setWindowRect: true, strictFileInteractability: false, timeouts: {implicit: 0, pageLoad: 300000, script: 30000}, unhandledPromptBehavior: dismiss and notify, webauthn:virtualAuthenticators: true}
Session ID: 9e436c0b1973ba1fe8294c4d18180d4f
*** Element info: {Using=xpath, value=//tbody[@id='tbodyid']/tr/td[contains(text(),'Dell i7 8gb')]}
[ERROR]-[2021-01-20 14:05:00.265]-[main]-[getText]-[FunctionsClass.java:496]-org.openqa.selenium.NoSuchElementException: no such element: Unable to locate element: {"method":"xpath","selector":"//tbody[@id='tbodyid']/tr/td[contains(text(),'Dell i7 8gb')]"}
  (Session info: chrome=87.0.4280.141)
For documentation on this error, please visit: https://www.seleniumhq.org/exceptions/no_such_element.html
Build info: version: '3.141.59', revision: 'e82be7d358', time: '2018-11-14T08:17:03'
System info: host: 'PRE3147530', ip: '192.168.1.12', os.name: 'Windows 10', os.arch: 'amd64', os.version: '10.0', java.version: '1.8.0_161'
Driver info: org.openqa.selenium.chrome.ChromeDriver
Capabilities {acceptInsecureCerts: false, browserName: chrome, browserVersion: 87.0.4280.141, chrome: {chromedriverVersion: 87.0.4280.88 (89e2380a3e36c..., userDataDir: C:\Users\PRERIT~1\AppData\L...}, goog:chromeOptions: {debuggerAddress: localhost:56369}, javascriptEnabled: true, networkConnectionEnabled: false, pageLoadStrategy: normal, platform: WINDOWS, platformName: WINDOWS, proxy: Proxy(), setWindowRect: true, strictFileInteractability: false, timeouts: {implicit: 0, pageLoad: 300000, script: 30000}, unhandledPromptBehavior: dismiss and notify, webauthn:virtualAuthenticators: true}
Session ID: 9e436c0b1973ba1fe8294c4d18180d4f
*** Element info: {Using=xpath, value=//tbody[@id='tbodyid']/tr/td[contains(text(),'Dell i7 8gb')]}
[ERROR]-[2021-01-20 14:05:00.266]-[main]-[deleteItem]-[HomePage.java:145]-java.lang.NullPointerException
[INFO]-[2021-01-20 14:05:00.266]-[main]-[beforeGetScreenshotAs]-[WebdriverListeners.java:130]-Taking screenshot: OutputType.FILE
[INFO]-[2021-01-20 14:05:00.841]-[main]-[afterGetScreenshotAs]-[WebdriverListeners.java:135]-Screenshot taken: C:\Users\PRERIT~1\AppData\Local\Temp\screenshot6904441339672149014.png
[INFO]-[2021-01-20 14:05:00.845]-[main]-[retry]-[RetryAnalyzer.java:16]-Retrying deleteDell again and the count is 1
[WARN]-[2021-01-20 14:05:00.845]-[main]-[onTestSkipped]-[TestListener.java:58]-Test case Skipped: deleteDell
]]></system-out>
  </testcase>
  <testcase name="deleteDell" classname="com.adidas.Test.StoreTest" time="7.679"/>
  <testcase name="purchaseItem" classname="com.adidas.Test.StoreTest" time="8.897"/>
</testsuite>