<?xml version="1.0" encoding="UTF-8"?>
<!-- Generated by org.testng.reporters.JUnitReportReporter -->
<testsuite skipped="0" hostname="pre3147530" name="com.adidas.Test.APITest" tests="4" failures="0" timestamp="20 Jan 2021 11:32:04 GMT" time="9.290" errors="0">
  <testcase name="getAvailablePets" time="4.651" classname="com.adidas.Test.APITest"/>
  <testcase name="addPet" time="1.589" classname="com.adidas.Test.APITest"/>
  <testcase name="updatePetStatus" time="1.615" classname="com.adidas.Test.APITest"/>
  <testcase name="deletePet" time="1.435" classname="com.adidas.Test.APITest"/>
</testsuite> <!-- com.adidas.Test.APITest -->
