<?xml version="1.0" encoding="UTF-8"?>
<!-- Generated by org.testng.reporters.JUnitReportReporter -->
<testsuite skipped="1" hostname="pre3147530" name="com.adidas.Test.StoreTest" tests="8" failures="0" timestamp="20 Jan 2021 11:32:04 GMT" time="50.223" errors="0">
  <testcase name="navigatePhone" time="0.890" classname="com.adidas.Test.StoreTest"/>
  <testcase name="navigateMonitor" time="1.116" classname="com.adidas.Test.StoreTest"/>
  <testcase name="navigateLaptop" time="1.220" classname="com.adidas.Test.StoreTest"/>
  <testcase name="addSony" time="8.577" classname="com.adidas.Test.StoreTest"/>
  <testcase name="addDell" time="7.871" classname="com.adidas.Test.StoreTest"/>
  <testcase name="deleteDell" time="7.771" classname="com.adidas.Test.StoreTest"/>
  <testcase name="deleteDell" time="13.762" classname="com.adidas.Test.StoreTest">
    <skipped/>
  </testcase> <!-- deleteDell -->
  <testcase name="purchaseItem" time="9.016" classname="com.adidas.Test.StoreTest"/>
</testsuite> <!-- com.adidas.Test.StoreTest -->
